{"/Users/erik/code/trading_custody/src/api/fundApi.js": {"path":"/Users/erik/code/trading_custody/src/api/fundApi.js","statementMap":{"0":{"start":{"line":5,"column":21},"end":{"line":5,"column":67}},"1":{"start":{"line":12,"column":30},"end":{"line":20,"column":1}},"2":{"start":{"line":13,"column":19},"end":{"line":13,"column":69}},"3":{"start":{"line":15,"column":2},"end":{"line":17,"column":3}},"4":{"start":{"line":16,"column":4},"end":{"line":16,"column":32}},"5":{"start":{"line":19,"column":2},"end":{"line":19,"column":25}},"6":{"start":{"line":27,"column":27},"end":{"line":35,"column":1}},"7":{"start":{"line":28,"column":19},"end":{"line":28,"column":74}},"8":{"start":{"line":30,"column":2},"end":{"line":32,"column":3}},"9":{"start":{"line":31,"column":4},"end":{"line":31,"column":32}},"10":{"start":{"line":34,"column":2},"end":{"line":34,"column":25}},"11":{"start":{"line":45,"column":35},"end":{"line":57,"column":1}},"12":{"start":{"line":46,"column":19},"end":{"line":50,"column":4}},"13":{"start":{"line":52,"column":2},"end":{"line":54,"column":3}},"14":{"start":{"line":53,"column":4},"end":{"line":53,"column":30}},"15":{"start":{"line":56,"column":2},"end":{"line":56,"column":25}}},"fnMap":{"0":{"name":"(anonymous_0)","decl":{"start":{"line":12,"column":30},"end":{"line":12,"column":31}},"loc":{"start":{"line":12,"column":48},"end":{"line":20,"column":1}},"line":12},"1":{"name":"(anonymous_1)","decl":{"start":{"line":27,"column":27},"end":{"line":27,"column":28}},"loc":{"start":{"line":27,"column":45},"end":{"line":35,"column":1}},"line":27},"2":{"name":"(anonymous_2)","decl":{"start":{"line":45,"column":35},"end":{"line":45,"column":36}},"loc":{"start":{"line":45,"column":75},"end":{"line":57,"column":1}},"line":45}},"branchMap":{"0":{"loc":{"start":{"line":5,"column":21},"end":{"line":5,"column":67}},"type":"binary-expr","locations":[{"start":{"line":5,"column":21},"end":{"line":5,"column":40}},{"start":{"line":5,"column":44},"end":{"line":5,"column":67}}],"line":5},"1":{"loc":{"start":{"line":15,"column":2},"end":{"line":17,"column":3}},"type":"if","locations":[{"start":{"line":15,"column":2},"end":{"line":17,"column":3}},{"start":{},"end":{}}],"line":15},"2":{"loc":{"start":{"line":30,"column":2},"end":{"line":32,"column":3}},"type":"if","locations":[{"start":{"line":30,"column":2},"end":{"line":32,"column":3}},{"start":{},"end":{}}],"line":30},"3":{"loc":{"start":{"line":52,"column":2},"end":{"line":54,"column":3}},"type":"if","locations":[{"start":{"line":52,"column":2},"end":{"line":54,"column":3}},{"start":{},"end":{}}],"line":52}},"s":{"0":1,"1":1,"2":0,"3":0,"4":0,"5":0,"6":1,"7":0,"8":0,"9":0,"10":0,"11":1,"12":0,"13":0,"14":0,"15":0},"f":{"0":0,"1":0,"2":0},"b":{"0":[1,0],"1":[0,0],"2":[0,0],"3":[0,0]},"_coverageSchema":"1a1c01bbd47fc00a2c39e90264f33305004495a9","hash":"af102e0058e0ce71903e9c67bdacd86d92b59328"}
,"/Users/erik/code/trading_custody/src/api/positionApi.js": {"path":"/Users/erik/code/trading_custody/src/api/positionApi.js","statementMap":{"0":{"start":{"line":5,"column":21},"end":{"line":5,"column":67}},"1":{"start":{"line":12,"column":28},"end":{"line":20,"column":1}},"2":{"start":{"line":13,"column":19},"end":{"line":13,"column":73}},"3":{"start":{"line":15,"column":2},"end":{"line":17,"column":3}},"4":{"start":{"line":16,"column":4},"end":{"line":16,"column":30}},"5":{"start":{"line":19,"column":2},"end":{"line":19,"column":25}},"6":{"start":{"line":28,"column":27},"end":{"line":40,"column":1}},"7":{"start":{"line":29,"column":19},"end":{"line":33,"column":4}},"8":{"start":{"line":35,"column":2},"end":{"line":37,"column":3}},"9":{"start":{"line":36,"column":4},"end":{"line":36,"column":30}},"10":{"start":{"line":39,"column":2},"end":{"line":39,"column":25}},"11":{"start":{"line":47,"column":33},"end":{"line":55,"column":1}},"12":{"start":{"line":48,"column":19},"end":{"line":48,"column":80}},"13":{"start":{"line":50,"column":2},"end":{"line":52,"column":3}},"14":{"start":{"line":51,"column":4},"end":{"line":51,"column":32}},"15":{"start":{"line":54,"column":2},"end":{"line":54,"column":25}},"16":{"start":{"line":62,"column":31},"end":{"line":70,"column":1}},"17":{"start":{"line":63,"column":19},"end":{"line":63,"column":80}},"18":{"start":{"line":65,"column":2},"end":{"line":67,"column":3}},"19":{"start":{"line":66,"column":4},"end":{"line":66,"column":30}},"20":{"start":{"line":69,"column":2},"end":{"line":69,"column":25}},"21":{"start":{"line":76,"column":29},"end":{"line":84,"column":1}},"22":{"start":{"line":77,"column":19},"end":{"line":77,"column":67}},"23":{"start":{"line":79,"column":2},"end":{"line":81,"column":3}},"24":{"start":{"line":80,"column":4},"end":{"line":80,"column":32}},"25":{"start":{"line":83,"column":2},"end":{"line":83,"column":25}}},"fnMap":{"0":{"name":"(anonymous_0)","decl":{"start":{"line":12,"column":28},"end":{"line":12,"column":29}},"loc":{"start":{"line":12,"column":46},"end":{"line":20,"column":1}},"line":12},"1":{"name":"(anonymous_1)","decl":{"start":{"line":28,"column":27},"end":{"line":28,"column":28}},"loc":{"start":{"line":28,"column":59},"end":{"line":40,"column":1}},"line":28},"2":{"name":"(anonymous_2)","decl":{"start":{"line":47,"column":33},"end":{"line":47,"column":34}},"loc":{"start":{"line":47,"column":51},"end":{"line":55,"column":1}},"line":47},"3":{"name":"(anonymous_3)","decl":{"start":{"line":62,"column":31},"end":{"line":62,"column":32}},"loc":{"start":{"line":62,"column":49},"end":{"line":70,"column":1}},"line":62},"4":{"name":"(anonymous_4)","decl":{"start":{"line":76,"column":29},"end":{"line":76,"column":30}},"loc":{"start":{"line":76,"column":41},"end":{"line":84,"column":1}},"line":76}},"branchMap":{"0":{"loc":{"start":{"line":5,"column":21},"end":{"line":5,"column":67}},"type":"binary-expr","locations":[{"start":{"line":5,"column":21},"end":{"line":5,"column":40}},{"start":{"line":5,"column":44},"end":{"line":5,"column":67}}],"line":5},"1":{"loc":{"start":{"line":15,"column":2},"end":{"line":17,"column":3}},"type":"if","locations":[{"start":{"line":15,"column":2},"end":{"line":17,"column":3}},{"start":{},"end":{}}],"line":15},"2":{"loc":{"start":{"line":35,"column":2},"end":{"line":37,"column":3}},"type":"if","locations":[{"start":{"line":35,"column":2},"end":{"line":37,"column":3}},{"start":{},"end":{}}],"line":35},"3":{"loc":{"start":{"line":50,"column":2},"end":{"line":52,"column":3}},"type":"if","locations":[{"start":{"line":50,"column":2},"end":{"line":52,"column":3}},{"start":{},"end":{}}],"line":50},"4":{"loc":{"start":{"line":65,"column":2},"end":{"line":67,"column":3}},"type":"if","locations":[{"start":{"line":65,"column":2},"end":{"line":67,"column":3}},{"start":{},"end":{}}],"line":65},"5":{"loc":{"start":{"line":79,"column":2},"end":{"line":81,"column":3}},"type":"if","locations":[{"start":{"line":79,"column":2},"end":{"line":81,"column":3}},{"start":{},"end":{}}],"line":79}},"s":{"0":1,"1":1,"2":0,"3":0,"4":0,"5":0,"6":1,"7":0,"8":0,"9":0,"10":0,"11":1,"12":0,"13":0,"14":0,"15":0,"16":1,"17":0,"18":0,"19":0,"20":0,"21":1,"22":0,"23":0,"24":0,"25":0},"f":{"0":0,"1":0,"2":0,"3":0,"4":0},"b":{"0":[1,0],"1":[0,0],"2":[0,0],"3":[0,0],"4":[0,0],"5":[0,0]},"_coverageSchema":"1a1c01bbd47fc00a2c39e90264f33305004495a9","hash":"fcb0153167fc2920736bf3eae63e7cf2fbc3df97"}
,"/Users/erik/code/trading_custody/src/api/userApi.js": {"path":"/Users/erik/code/trading_custody/src/api/userApi.js","statementMap":{"0":{"start":{"line":6,"column":21},"end":{"line":6,"column":67}},"1":{"start":{"line":14,"column":21},"end":{"line":26,"column":1}},"2":{"start":{"line":15,"column":19},"end":{"line":19,"column":4}},"3":{"start":{"line":21,"column":2},"end":{"line":23,"column":3}},"4":{"start":{"line":22,"column":4},"end":{"line":22,"column":28}},"5":{"start":{"line":25,"column":2},"end":{"line":25,"column":25}},"6":{"start":{"line":34,"column":30},"end":{"line":46,"column":1}},"7":{"start":{"line":35,"column":19},"end":{"line":39,"column":4}},"8":{"start":{"line":41,"column":2},"end":{"line":43,"column":3}},"9":{"start":{"line":42,"column":4},"end":{"line":42,"column":30}},"10":{"start":{"line":45,"column":2},"end":{"line":45,"column":25}},"11":{"start":{"line":52,"column":27},"end":{"line":60,"column":1}},"12":{"start":{"line":53,"column":19},"end":{"line":53,"column":59}},"13":{"start":{"line":55,"column":2},"end":{"line":57,"column":3}},"14":{"start":{"line":56,"column":4},"end":{"line":56,"column":32}},"15":{"start":{"line":59,"column":2},"end":{"line":59,"column":25}},"16":{"start":{"line":67,"column":26},"end":{"line":79,"column":1}},"17":{"start":{"line":68,"column":19},"end":{"line":72,"column":4}},"18":{"start":{"line":74,"column":2},"end":{"line":76,"column":3}},"19":{"start":{"line":75,"column":4},"end":{"line":75,"column":30}},"20":{"start":{"line":78,"column":2},"end":{"line":78,"column":25}},"21":{"start":{"line":87,"column":38},"end":{"line":99,"column":1}},"22":{"start":{"line":88,"column":19},"end":{"line":92,"column":4}},"23":{"start":{"line":94,"column":2},"end":{"line":96,"column":3}},"24":{"start":{"line":95,"column":4},"end":{"line":95,"column":30}},"25":{"start":{"line":98,"column":2},"end":{"line":98,"column":25}},"26":{"start":{"line":106,"column":26},"end":{"line":116,"column":1}},"27":{"start":{"line":107,"column":19},"end":{"line":109,"column":4}},"28":{"start":{"line":111,"column":2},"end":{"line":113,"column":3}},"29":{"start":{"line":112,"column":4},"end":{"line":112,"column":30}},"30":{"start":{"line":115,"column":2},"end":{"line":115,"column":25}}},"fnMap":{"0":{"name":"(anonymous_0)","decl":{"start":{"line":14,"column":21},"end":{"line":14,"column":22}},"loc":{"start":{"line":14,"column":51},"end":{"line":26,"column":1}},"line":14},"1":{"name":"(anonymous_1)","decl":{"start":{"line":34,"column":30},"end":{"line":34,"column":31}},"loc":{"start":{"line":34,"column":63},"end":{"line":46,"column":1}},"line":34},"2":{"name":"(anonymous_2)","decl":{"start":{"line":52,"column":27},"end":{"line":52,"column":28}},"loc":{"start":{"line":52,"column":39},"end":{"line":60,"column":1}},"line":52},"3":{"name":"(anonymous_3)","decl":{"start":{"line":67,"column":26},"end":{"line":67,"column":27}},"loc":{"start":{"line":67,"column":46},"end":{"line":79,"column":1}},"line":67},"4":{"name":"(anonymous_4)","decl":{"start":{"line":87,"column":38},"end":{"line":87,"column":39}},"loc":{"start":{"line":87,"column":65},"end":{"line":99,"column":1}},"line":87},"5":{"name":"(anonymous_5)","decl":{"start":{"line":106,"column":26},"end":{"line":106,"column":27}},"loc":{"start":{"line":106,"column":40},"end":{"line":116,"column":1}},"line":106}},"branchMap":{"0":{"loc":{"start":{"line":6,"column":21},"end":{"line":6,"column":67}},"type":"binary-expr","locations":[{"start":{"line":6,"column":21},"end":{"line":6,"column":40}},{"start":{"line":6,"column":44},"end":{"line":6,"column":67}}],"line":6},"1":{"loc":{"start":{"line":21,"column":2},"end":{"line":23,"column":3}},"type":"if","locations":[{"start":{"line":21,"column":2},"end":{"line":23,"column":3}},{"start":{},"end":{}}],"line":21},"2":{"loc":{"start":{"line":41,"column":2},"end":{"line":43,"column":3}},"type":"if","locations":[{"start":{"line":41,"column":2},"end":{"line":43,"column":3}},{"start":{},"end":{}}],"line":41},"3":{"loc":{"start":{"line":55,"column":2},"end":{"line":57,"column":3}},"type":"if","locations":[{"start":{"line":55,"column":2},"end":{"line":57,"column":3}},{"start":{},"end":{}}],"line":55},"4":{"loc":{"start":{"line":74,"column":2},"end":{"line":76,"column":3}},"type":"if","locations":[{"start":{"line":74,"column":2},"end":{"line":76,"column":3}},{"start":{},"end":{}}],"line":74},"5":{"loc":{"start":{"line":94,"column":2},"end":{"line":96,"column":3}},"type":"if","locations":[{"start":{"line":94,"column":2},"end":{"line":96,"column":3}},{"start":{},"end":{}}],"line":94},"6":{"loc":{"start":{"line":111,"column":2},"end":{"line":113,"column":3}},"type":"if","locations":[{"start":{"line":111,"column":2},"end":{"line":113,"column":3}},{"start":{},"end":{}}],"line":111}},"s":{"0":1,"1":1,"2":0,"3":0,"4":0,"5":0,"6":1,"7":0,"8":0,"9":0,"10":0,"11":1,"12":0,"13":0,"14":0,"15":0,"16":1,"17":0,"18":0,"19":0,"20":0,"21":1,"22":0,"23":0,"24":0,"25":0,"26":1,"27":0,"28":0,"29":0,"30":0},"f":{"0":0,"1":0,"2":0,"3":0,"4":0,"5":0},"b":{"0":[1,0],"1":[0,0],"2":[0,0],"3":[0,0],"4":[0,0],"5":[0,0],"6":[0,0]},"_coverageSchema":"1a1c01bbd47fc00a2c39e90264f33305004495a9","hash":"6114d6facebe3667cbdb74fe52f52648480811c4"}
,"/Users/erik/code/trading_custody/src/hooks/useFund.js": {"path":"/Users/erik/code/trading_custody/src/hooks/useFund.js","statementMap":{"0":{"start":{"line":8,"column":23},"end":{"line":73,"column":1}},"1":{"start":{"line":9,"column":32},"end":{"line":9,"column":43}},"2":{"start":{"line":10,"column":26},"end":{"line":10,"column":38}},"3":{"start":{"line":11,"column":32},"end":{"line":11,"column":47}},"4":{"start":{"line":12,"column":28},"end":{"line":12,"column":42}},"5":{"start":{"line":18,"column":24},"end":{"line":36,"column":3}},"6":{"start":{"line":19,"column":4},"end":{"line":19,"column":24}},"7":{"start":{"line":19,"column":17},"end":{"line":19,"column":24}},"8":{"start":{"line":21,"column":4},"end":{"line":21,"column":21}},"9":{"start":{"line":22,"column":4},"end":{"line":22,"column":19}},"10":{"start":{"line":23,"column":4},"end":{"line":35,"column":5}},"11":{"start":{"line":24,"column":38},"end":{"line":27,"column":8}},"12":{"start":{"line":29,"column":6},"end":{"line":29,"column":43}},"13":{"start":{"line":30,"column":6},"end":{"line":30,"column":24}},"14":{"start":{"line":32,"column":6},"end":{"line":32,"column":28}},"15":{"start":{"line":34,"column":6},"end":{"line":34,"column":24}},"16":{"start":{"line":45,"column":30},"end":{"line":63,"column":3}},"17":{"start":{"line":46,"column":4},"end":{"line":46,"column":21}},"18":{"start":{"line":47,"column":4},"end":{"line":47,"column":19}},"19":{"start":{"line":48,"column":4},"end":{"line":62,"column":5}},"20":{"start":{"line":49,"column":21},"end":{"line":49,"column":84}},"21":{"start":{"line":50,"column":6},"end":{"line":50,"column":33}},"22":{"start":{"line":53,"column":23},"end":{"line":53,"column":56}},"23":{"start":{"line":54,"column":6},"end":{"line":54,"column":24}},"24":{"start":{"line":56,"column":6},"end":{"line":56,"column":20}},"25":{"start":{"line":58,"column":6},"end":{"line":58,"column":28}},"26":{"start":{"line":59,"column":6},"end":{"line":59,"column":16}},"27":{"start":{"line":61,"column":6},"end":{"line":61,"column":24}},"28":{"start":{"line":65,"column":2},"end":{"line":72,"column":4}}},"fnMap":{"0":{"name":"(anonymous_0)","decl":{"start":{"line":8,"column":23},"end":{"line":8,"column":24}},"loc":{"start":{"line":8,"column":29},"end":{"line":73,"column":1}},"line":8},"1":{"name":"(anonymous_1)","decl":{"start":{"line":18,"column":24},"end":{"line":18,"column":25}},"loc":{"start":{"line":18,"column":42},"end":{"line":36,"column":3}},"line":18},"2":{"name":"(anonymous_2)","decl":{"start":{"line":45,"column":30},"end":{"line":45,"column":31}},"loc":{"start":{"line":45,"column":70},"end":{"line":63,"column":3}},"line":45}},"branchMap":{"0":{"loc":{"start":{"line":19,"column":4},"end":{"line":19,"column":24}},"type":"if","locations":[{"start":{"line":19,"column":4},"end":{"line":19,"column":24}},{"start":{},"end":{}}],"line":19},"1":{"loc":{"start":{"line":29,"column":17},"end":{"line":29,"column":41}},"type":"binary-expr","locations":[{"start":{"line":29,"column":17},"end":{"line":29,"column":36}},{"start":{"line":29,"column":40},"end":{"line":29,"column":41}}],"line":29}},"s":{"0":1,"1":6,"2":6,"3":6,"4":6,"5":6,"6":2,"7":0,"8":2,"9":2,"10":2,"11":2,"12":1,"13":1,"14":1,"15":2,"16":6,"17":1,"18":1,"19":1,"20":1,"21":1,"22":1,"23":1,"24":1,"25":0,"26":0,"27":1,"28":6},"f":{"0":6,"1":2,"2":1},"b":{"0":[0,2],"1":[1,0]},"_coverageSchema":"1a1c01bbd47fc00a2c39e90264f33305004495a9","hash":"11845159615ea29197cc84437da250affb4371e7"}
,"/Users/erik/code/trading_custody/src/hooks/usePosition.js": {"path":"/Users/erik/code/trading_custody/src/hooks/usePosition.js","statementMap":{"0":{"start":{"line":8,"column":27},"end":{"line":106,"column":1}},"1":{"start":{"line":9,"column":36},"end":{"line":9,"column":48}},"2":{"start":{"line":10,"column":38},"end":{"line":10,"column":50}},"3":{"start":{"line":11,"column":32},"end":{"line":11,"column":47}},"4":{"start":{"line":12,"column":28},"end":{"line":12,"column":42}},"5":{"start":{"line":18,"column":25},"end":{"line":31,"column":3}},"6":{"start":{"line":19,"column":4},"end":{"line":19,"column":24}},"7":{"start":{"line":19,"column":17},"end":{"line":19,"column":24}},"8":{"start":{"line":21,"column":4},"end":{"line":21,"column":21}},"9":{"start":{"line":22,"column":4},"end":{"line":22,"column":19}},"10":{"start":{"line":23,"column":4},"end":{"line":30,"column":5}},"11":{"start":{"line":24,"column":19},"end":{"line":24,"column":57}},"12":{"start":{"line":25,"column":6},"end":{"line":25,"column":25}},"13":{"start":{"line":27,"column":6},"end":{"line":27,"column":28}},"14":{"start":{"line":29,"column":6},"end":{"line":29,"column":24}},"15":{"start":{"line":37,"column":30},"end":{"line":50,"column":3}},"16":{"start":{"line":38,"column":4},"end":{"line":38,"column":24}},"17":{"start":{"line":38,"column":17},"end":{"line":38,"column":24}},"18":{"start":{"line":40,"column":4},"end":{"line":40,"column":21}},"19":{"start":{"line":41,"column":4},"end":{"line":41,"column":19}},"20":{"start":{"line":42,"column":4},"end":{"line":49,"column":5}},"21":{"start":{"line":43,"column":19},"end":{"line":43,"column":62}},"22":{"start":{"line":44,"column":6},"end":{"line":44,"column":26}},"23":{"start":{"line":46,"column":6},"end":{"line":46,"column":28}},"24":{"start":{"line":48,"column":6},"end":{"line":48,"column":24}},"25":{"start":{"line":57,"column":22},"end":{"line":74,"column":3}},"26":{"start":{"line":58,"column":4},"end":{"line":58,"column":21}},"27":{"start":{"line":59,"column":4},"end":{"line":59,"column":19}},"28":{"start":{"line":60,"column":4},"end":{"line":73,"column":5}},"29":{"start":{"line":61,"column":21},"end":{"line":61,"column":72}},"30":{"start":{"line":64,"column":6},"end":{"line":64,"column":35}},"31":{"start":{"line":65,"column":6},"end":{"line":65,"column":40}},"32":{"start":{"line":67,"column":6},"end":{"line":67,"column":20}},"33":{"start":{"line":69,"column":6},"end":{"line":69,"column":28}},"34":{"start":{"line":70,"column":6},"end":{"line":70,"column":16}},"35":{"start":{"line":72,"column":6},"end":{"line":72,"column":24}},"36":{"start":{"line":80,"column":26},"end":{"line":94,"column":3}},"37":{"start":{"line":81,"column":4},"end":{"line":81,"column":21}},"38":{"start":{"line":82,"column":4},"end":{"line":82,"column":19}},"39":{"start":{"line":83,"column":4},"end":{"line":93,"column":5}},"40":{"start":{"line":84,"column":21},"end":{"line":84,"column":62}},"41":{"start":{"line":85,"column":6},"end":{"line":85,"column":23}},"42":{"start":{"line":86,"column":6},"end":{"line":86,"column":24}},"43":{"start":{"line":87,"column":6},"end":{"line":87,"column":20}},"44":{"start":{"line":89,"column":6},"end":{"line":89,"column":28}},"45":{"start":{"line":90,"column":6},"end":{"line":90,"column":16}},"46":{"start":{"line":92,"column":6},"end":{"line":92,"column":24}},"47":{"start":{"line":96,"column":2},"end":{"line":105,"column":4}}},"fnMap":{"0":{"name":"(anonymous_0)","decl":{"start":{"line":8,"column":27},"end":{"line":8,"column":28}},"loc":{"start":{"line":8,"column":33},"end":{"line":106,"column":1}},"line":8},"1":{"name":"(anonymous_1)","decl":{"start":{"line":18,"column":25},"end":{"line":18,"column":26}},"loc":{"start":{"line":18,"column":43},"end":{"line":31,"column":3}},"line":18},"2":{"name":"(anonymous_2)","decl":{"start":{"line":37,"column":30},"end":{"line":37,"column":31}},"loc":{"start":{"line":37,"column":48},"end":{"line":50,"column":3}},"line":37},"3":{"name":"(anonymous_3)","decl":{"start":{"line":57,"column":22},"end":{"line":57,"column":23}},"loc":{"start":{"line":57,"column":54},"end":{"line":74,"column":3}},"line":57},"4":{"name":"(anonymous_4)","decl":{"start":{"line":80,"column":26},"end":{"line":80,"column":27}},"loc":{"start":{"line":80,"column":44},"end":{"line":94,"column":3}},"line":80}},"branchMap":{"0":{"loc":{"start":{"line":19,"column":4},"end":{"line":19,"column":24}},"type":"if","locations":[{"start":{"line":19,"column":4},"end":{"line":19,"column":24}},{"start":{},"end":{}}],"line":19},"1":{"loc":{"start":{"line":38,"column":4},"end":{"line":38,"column":24}},"type":"if","locations":[{"start":{"line":38,"column":4},"end":{"line":38,"column":24}},{"start":{},"end":{}}],"line":38}},"s":{"0":1,"1":8,"2":8,"3":8,"4":8,"5":8,"6":2,"7":0,"8":2,"9":2,"10":2,"11":2,"12":2,"13":0,"14":2,"15":8,"16":2,"17":0,"18":2,"19":2,"20":2,"21":2,"22":2,"23":0,"24":2,"25":8,"26":1,"27":1,"28":1,"29":1,"30":1,"31":1,"32":1,"33":0,"34":0,"35":1,"36":8,"37":1,"38":1,"39":1,"40":1,"41":1,"42":1,"43":1,"44":0,"45":0,"46":1,"47":8},"f":{"0":8,"1":2,"2":2,"3":1,"4":1},"b":{"0":[0,2],"1":[0,2]},"_coverageSchema":"1a1c01bbd47fc00a2c39e90264f33305004495a9","hash":"706e0c60849f8a5b3033176d17121b575bf3bf2b"}
,"/Users/erik/code/trading_custody/src/hooks/useUser.js": {"path":"/Users/erik/code/trading_custody/src/hooks/useUser.js","statementMap":{"0":{"start":{"line":13,"column":23},"end":{"line":84,"column":1}},"1":{"start":{"line":14,"column":28},"end":{"line":14,"column":40}},"2":{"start":{"line":15,"column":32},"end":{"line":15,"column":47}},"3":{"start":{"line":16,"column":28},"end":{"line":16,"column":42}},"4":{"start":{"line":21,"column":21},"end":{"line":32,"column":3}},"5":{"start":{"line":22,"column":4},"end":{"line":22,"column":21}},"6":{"start":{"line":23,"column":4},"end":{"line":23,"column":19}},"7":{"start":{"line":24,"column":4},"end":{"line":31,"column":5}},"8":{"start":{"line":25,"column":19},"end":{"line":25,"column":46}},"9":{"start":{"line":26,"column":6},"end":{"line":26,"column":21}},"10":{"start":{"line":28,"column":6},"end":{"line":28,"column":28}},"11":{"start":{"line":30,"column":6},"end":{"line":30,"column":24}},"12":{"start":{"line":38,"column":21},"end":{"line":51,"column":3}},"13":{"start":{"line":39,"column":4},"end":{"line":39,"column":21}},"14":{"start":{"line":40,"column":4},"end":{"line":40,"column":19}},"15":{"start":{"line":41,"column":4},"end":{"line":50,"column":5}},"16":{"start":{"line":42,"column":22},"end":{"line":42,"column":56}},"17":{"start":{"line":43,"column":6},"end":{"line":43,"column":43}},"18":{"start":{"line":43,"column":23},"end":{"line":43,"column":41}},"19":{"start":{"line":44,"column":6},"end":{"line":44,"column":21}},"20":{"start":{"line":46,"column":6},"end":{"line":46,"column":28}},"21":{"start":{"line":47,"column":6},"end":{"line":47,"column":16}},"22":{"start":{"line":49,"column":6},"end":{"line":49,"column":24}},"23":{"start":{"line":57,"column":21},"end":{"line":69,"column":3}},"24":{"start":{"line":58,"column":4},"end":{"line":58,"column":21}},"25":{"start":{"line":59,"column":4},"end":{"line":59,"column":19}},"26":{"start":{"line":60,"column":4},"end":{"line":68,"column":5}},"27":{"start":{"line":61,"column":6},"end":{"line":61,"column":39}},"28":{"start":{"line":62,"column":6},"end":{"line":62,"column":64}},"29":{"start":{"line":62,"column":23},"end":{"line":62,"column":62}},"30":{"start":{"line":62,"column":43},"end":{"line":62,"column":61}},"31":{"start":{"line":64,"column":6},"end":{"line":64,"column":28}},"32":{"start":{"line":65,"column":6},"end":{"line":65,"column":16}},"33":{"start":{"line":67,"column":6},"end":{"line":67,"column":24}},"34":{"start":{"line":72,"column":2},"end":{"line":74,"column":9}},"35":{"start":{"line":73,"column":4},"end":{"line":73,"column":17}},"36":{"start":{"line":76,"column":2},"end":{"line":83,"column":4}}},"fnMap":{"0":{"name":"(anonymous_0)","decl":{"start":{"line":13,"column":23},"end":{"line":13,"column":24}},"loc":{"start":{"line":13,"column":29},"end":{"line":84,"column":1}},"line":13},"1":{"name":"(anonymous_1)","decl":{"start":{"line":21,"column":21},"end":{"line":21,"column":22}},"loc":{"start":{"line":21,"column":33},"end":{"line":32,"column":3}},"line":21},"2":{"name":"(anonymous_2)","decl":{"start":{"line":38,"column":21},"end":{"line":38,"column":22}},"loc":{"start":{"line":38,"column":41},"end":{"line":51,"column":3}},"line":38},"3":{"name":"(anonymous_3)","decl":{"start":{"line":43,"column":15},"end":{"line":43,"column":16}},"loc":{"start":{"line":43,"column":23},"end":{"line":43,"column":41}},"line":43},"4":{"name":"(anonymous_4)","decl":{"start":{"line":57,"column":21},"end":{"line":57,"column":22}},"loc":{"start":{"line":57,"column":39},"end":{"line":69,"column":3}},"line":57},"5":{"name":"(anonymous_5)","decl":{"start":{"line":62,"column":15},"end":{"line":62,"column":16}},"loc":{"start":{"line":62,"column":23},"end":{"line":62,"column":62}},"line":62},"6":{"name":"(anonymous_6)","decl":{"start":{"line":62,"column":35},"end":{"line":62,"column":36}},"loc":{"start":{"line":62,"column":43},"end":{"line":62,"column":61}},"line":62},"7":{"name":"(anonymous_7)","decl":{"start":{"line":72,"column":12},"end":{"line":72,"column":13}},"loc":{"start":{"line":72,"column":18},"end":{"line":74,"column":3}},"line":72}},"branchMap":{},"s":{"0":1,"1":13,"2":13,"3":13,"4":13,"5":4,"6":4,"7":4,"8":4,"9":2,"10":2,"11":4,"12":13,"13":1,"14":1,"15":1,"16":1,"17":1,"18":1,"19":1,"20":0,"21":0,"22":1,"23":13,"24":1,"25":1,"26":1,"27":1,"28":1,"29":1,"30":2,"31":0,"32":0,"33":1,"34":13,"35":4,"36":13},"f":{"0":13,"1":4,"2":1,"3":1,"4":1,"5":1,"6":2,"7":4},"b":{},"_coverageSchema":"1a1c01bbd47fc00a2c39e90264f33305004495a9","hash":"2f95372a10610de7111e019b6cd674c9e0d4f296"}
}
