TN:
SF:src/api/fundApi.js
FN:12,(anonymous_0)
FN:27,(anonymous_1)
FN:45,(anonymous_2)
FNF:3
FNH:0
FNDA:0,(anonymous_0)
FNDA:0,(anonymous_1)
FNDA:0,(anonymous_2)
DA:5,1
DA:12,1
DA:13,0
DA:15,0
DA:16,0
DA:19,0
DA:27,1
DA:28,0
DA:30,0
DA:31,0
DA:34,0
DA:45,1
DA:46,0
DA:52,0
DA:53,0
DA:56,0
LF:16
LH:4
BRDA:5,0,0,1
BRDA:5,0,1,0
BRDA:15,1,0,0
BRDA:15,1,1,0
BRDA:30,2,0,0
BRDA:30,2,1,0
BRDA:52,3,0,0
BRDA:52,3,1,0
BRF:8
BRH:1
end_of_record
TN:
SF:src/api/positionApi.js
FN:12,(anonymous_0)
FN:28,(anonymous_1)
FN:47,(anonymous_2)
FN:62,(anonymous_3)
FN:76,(anonymous_4)
FNF:5
FNH:0
FNDA:0,(anonymous_0)
FNDA:0,(anonymous_1)
FNDA:0,(anonymous_2)
FNDA:0,(anonymous_3)
FNDA:0,(anonymous_4)
DA:5,1
DA:12,1
DA:13,0
DA:15,0
DA:16,0
DA:19,0
DA:28,1
DA:29,0
DA:35,0
DA:36,0
DA:39,0
DA:47,1
DA:48,0
DA:50,0
DA:51,0
DA:54,0
DA:62,1
DA:63,0
DA:65,0
DA:66,0
DA:69,0
DA:76,1
DA:77,0
DA:79,0
DA:80,0
DA:83,0
LF:26
LH:6
BRDA:5,0,0,1
BRDA:5,0,1,0
BRDA:15,1,0,0
BRDA:15,1,1,0
BRDA:35,2,0,0
BRDA:35,2,1,0
BRDA:50,3,0,0
BRDA:50,3,1,0
BRDA:65,4,0,0
BRDA:65,4,1,0
BRDA:79,5,0,0
BRDA:79,5,1,0
BRF:12
BRH:1
end_of_record
TN:
SF:src/api/userApi.js
FN:14,(anonymous_0)
FN:34,(anonymous_1)
FN:52,(anonymous_2)
FN:67,(anonymous_3)
FN:87,(anonymous_4)
FN:106,(anonymous_5)
FNF:6
FNH:0
FNDA:0,(anonymous_0)
FNDA:0,(anonymous_1)
FNDA:0,(anonymous_2)
FNDA:0,(anonymous_3)
FNDA:0,(anonymous_4)
FNDA:0,(anonymous_5)
DA:6,1
DA:14,1
DA:15,0
DA:21,0
DA:22,0
DA:25,0
DA:34,1
DA:35,0
DA:41,0
DA:42,0
DA:45,0
DA:52,1
DA:53,0
DA:55,0
DA:56,0
DA:59,0
DA:67,1
DA:68,0
DA:74,0
DA:75,0
DA:78,0
DA:87,1
DA:88,0
DA:94,0
DA:95,0
DA:98,0
DA:106,1
DA:107,0
DA:111,0
DA:112,0
DA:115,0
LF:31
LH:7
BRDA:6,0,0,1
BRDA:6,0,1,0
BRDA:21,1,0,0
BRDA:21,1,1,0
BRDA:41,2,0,0
BRDA:41,2,1,0
BRDA:55,3,0,0
BRDA:55,3,1,0
BRDA:74,4,0,0
BRDA:74,4,1,0
BRDA:94,5,0,0
BRDA:94,5,1,0
BRDA:111,6,0,0
BRDA:111,6,1,0
BRF:14
BRH:1
end_of_record
TN:
SF:src/hooks/useFund.js
FN:8,(anonymous_0)
FN:18,(anonymous_1)
FN:45,(anonymous_2)
FNF:3
FNH:3
FNDA:6,(anonymous_0)
FNDA:2,(anonymous_1)
FNDA:1,(anonymous_2)
DA:8,1
DA:9,6
DA:10,6
DA:11,6
DA:12,6
DA:18,6
DA:19,2
DA:21,2
DA:22,2
DA:23,2
DA:24,2
DA:29,1
DA:30,1
DA:32,1
DA:34,2
DA:45,6
DA:46,1
DA:47,1
DA:48,1
DA:49,1
DA:50,1
DA:53,1
DA:54,1
DA:56,1
DA:58,0
DA:59,0
DA:61,1
DA:65,6
LF:28
LH:26
BRDA:19,0,0,0
BRDA:19,0,1,2
BRDA:29,1,0,1
BRDA:29,1,1,0
BRF:4
BRH:2
end_of_record
TN:
SF:src/hooks/usePosition.js
FN:8,(anonymous_0)
FN:18,(anonymous_1)
FN:37,(anonymous_2)
FN:57,(anonymous_3)
FN:80,(anonymous_4)
FNF:5
FNH:5
FNDA:8,(anonymous_0)
FNDA:2,(anonymous_1)
FNDA:2,(anonymous_2)
FNDA:1,(anonymous_3)
FNDA:1,(anonymous_4)
DA:8,1
DA:9,8
DA:10,8
DA:11,8
DA:12,8
DA:18,8
DA:19,2
DA:21,2
DA:22,2
DA:23,2
DA:24,2
DA:25,2
DA:27,0
DA:29,2
DA:37,8
DA:38,2
DA:40,2
DA:41,2
DA:42,2
DA:43,2
DA:44,2
DA:46,0
DA:48,2
DA:57,8
DA:58,1
DA:59,1
DA:60,1
DA:61,1
DA:64,1
DA:65,1
DA:67,1
DA:69,0
DA:70,0
DA:72,1
DA:80,8
DA:81,1
DA:82,1
DA:83,1
DA:84,1
DA:85,1
DA:86,1
DA:87,1
DA:89,0
DA:90,0
DA:92,1
DA:96,8
LF:46
LH:40
BRDA:19,0,0,0
BRDA:19,0,1,2
BRDA:38,1,0,0
BRDA:38,1,1,2
BRF:4
BRH:2
end_of_record
TN:
SF:src/hooks/useUser.js
FN:13,(anonymous_0)
FN:21,(anonymous_1)
FN:38,(anonymous_2)
FN:43,(anonymous_3)
FN:57,(anonymous_4)
FN:62,(anonymous_5)
FN:62,(anonymous_6)
FN:72,(anonymous_7)
FNF:8
FNH:8
FNDA:13,(anonymous_0)
FNDA:4,(anonymous_1)
FNDA:1,(anonymous_2)
FNDA:1,(anonymous_3)
FNDA:1,(anonymous_4)
FNDA:1,(anonymous_5)
FNDA:2,(anonymous_6)
FNDA:4,(anonymous_7)
DA:13,1
DA:14,13
DA:15,13
DA:16,13
DA:21,13
DA:22,4
DA:23,4
DA:24,4
DA:25,4
DA:26,2
DA:28,2
DA:30,4
DA:38,13
DA:39,1
DA:40,1
DA:41,1
DA:42,1
DA:43,1
DA:44,1
DA:46,0
DA:47,0
DA:49,1
DA:57,13
DA:58,1
DA:59,1
DA:60,1
DA:61,1
DA:62,2
DA:64,0
DA:65,0
DA:67,1
DA:72,13
DA:73,4
DA:76,13
LF:34
LH:30
BRF:0
BRH:0
end_of_record
